<?xml version='1.0' encoding='UTF-8'?>
<testsuite hostname="ip-172-31-27-227" name="org.template.ecommercerecommendation.PreparatorTest" tests="1" errors="0" failures="0" time="0.089">
                     <properties>
[...]
</properties>
                     <testcase classname="org.template.ecommercerecommendation.PreparatorTest" name="Preparator should prepare PreparedData" time="0.089">
                                                 
                                               </testcase>
                     <system-out></system-out>
                     <system-err></system-err>
                   </testsuite>