# JRE version: Java(TM) SE Runtime Environment (8.0_45-b14) (build 1.8.0_45-b14)
# Java VM: Java HotSpot(TM) 64-Bit Server VM (25.45-b02 mixed mode linux-amd64 compressed oops)
Heap:
 PSYoungGen      total 305664K, used 32986K [0x00000000eab00000, 0x0000000100000000, 0x0000000100000000)
  eden space 262144K, 6% used [0x00000000eab00000,0x00000000ebbbe330,0x00000000fab00000)
  from space 43520K, 36% used [0x00000000fd580000,0x00000000fe4f87f0,0x0000000100000000)
  to   space 43520K, 0% used [0x00000000fab00000,0x00000000fab00000,0x00000000fd580000)
 ParOldGen       total 699392K, used 31806K [0x00000000c0000000, 0x00000000eab00000, 0x00000000eab00000)
  object space 699392K, 4% used [0x00000000c0000000,0x00000000c1f0f998,0x00000000eab00000)
 Metaspace       used 73255K, capacity 73682K, committed 74240K, reserved 1112064K
  class space    used 11839K, capacity 11977K, committed 12032K, reserved 1048576K
GC Heap History (10 events):
Event: 4.503 GC heap before
{Heap before GC invocations=3 (full 1):
 PSYoungGen      total 305664K, used 104924K [0x00000000eab00000, 0x0000000100000000, 0x0000000100000000)
  eden space 262144K, 40% used [0x00000000eab00000,0x00000000f11772e8,0x00000000fab00000)
  from space 43520K, 0% used [0x00000000fab00000,0x00000000fab00000,0x00000000fd580000)
  to   space 43520K, 0% used [0x00000000fd580000,0x00000000fd580000,0x0000000100000000)
 ParOldGen       total 699392K, used 15636K [0x00000000c0000000, 0x00000000eab00000, 0x00000000eab00000)
  object space 699392K, 2% used [0x00000000c0000000,0x00000000c0f452b8,0x00000000eab00000)
 Metaspace       used 34936K, capacity 35212K, committed 35496K, reserved 1079296K
  class space    used 5528K, capacity 5613K, committed 5632K, reserved 1048576K
Event: 4.533 GC heap after
Heap after GC invocations=3 (full 1):
 PSYoungGen      total 305664K, used 14022K [0x00000000eab00000, 0x0000000100000000, 0x0000000100000000)
  eden space 262144K, 0% used [0x00000000eab00000,0x00000000eab00000,0x00000000fab00000)
  from space 43520K, 32% used [0x00000000fd580000,0x00000000fe331950,0x0000000100000000)
  to   space 43520K, 0% used [0x00000000fab00000,0x00000000fab00000,0x00000000fd580000)
 ParOldGen       total 699392K, used 15644K [0x00000000c0000000, 0x00000000eab00000, 0x00000000eab00000)
  object space 699392K, 2% used [0x00000000c0000000,0x00000000c0f472b8,0x00000000eab00000)
 Metaspace       used 34936K, capacity 35212K, committed 35496K, reserved 1079296K
  class space    used 5528K, capacity 5613K, committed 5632K, reserved 1048576K
}
Event: 4.533 GC heap before
{Heap before GC invocations=4 (full 2):
 PSYoungGen      total 305664K, used 14022K [0x00000000eab00000, 0x0000000100000000, 0x0000000100000000)
  eden space 262144K, 0% used [0x00000000eab00000,0x00000000eab00000,0x00000000fab00000)
  from space 43520K, 32% used [0x00000000fd580000,0x00000000fe331950,0x0000000100000000)
  to   space 43520K, 0% used [0x00000000fab00000,0x00000000fab00000,0x00000000fd580000)
 ParOldGen       total 699392K, used 15644K [0x00000000c0000000, 0x00000000eab00000, 0x00000000eab00000)
  object space 699392K, 2% used [0x00000000c0000000,0x00000000c0f472b8,0x00000000eab00000)
 Metaspace       used 34936K, capacity 35212K, committed 35496K, reserved 1079296K
  class space    used 5528K, capacity 5613K, committed 5632K, reserved 1048576K
Event: 4.612 GC heap after
Heap after GC invocations=4 (full 2):
 PSYoungGen      total 305664K, used 0K [0x00000000eab00000, 0x0000000100000000, 0x0000000100000000)
  eden space 262144K, 0% used [0x00000000eab00000,0x00000000eab00000,0x00000000fab00000)
  from space 43520K, 0% used [0x00000000fd580000,0x00000000fd580000,0x0000000100000000)
  to   space 43520K, 0% used [0x00000000fab00000,0x00000000fab00000,0x00000000fd580000)
 ParOldGen       total 699392K, used 17269K [0x00000000c0000000, 0x00000000eab00000, 0x00000000eab00000)
  object space 699392K, 2% used [0x00000000c0000000,0x00000000c10dd580,0x00000000eab00000)
 Metaspace       used 34936K, capacity 35212K, committed 35496K, reserved 1079296K
  class space    used 5528K, capacity 5613K, committed 5632K, reserved 1048576K
}
Event: 7.899 GC heap before
{Heap before GC invocations=5 (full 2):
 PSYoungGen      total 305664K, used 192014K [0x00000000eab00000, 0x0000000100000000, 0x0000000100000000)
  eden space 262144K, 73% used [0x00000000eab00000,0x00000000f6683958,0x00000000fab00000)
  from space 43520K, 0% used [0x00000000fd580000,0x00000000fd580000,0x0000000100000000)
  to   space 43520K, 0% used [0x00000000fab00000,0x00000000fab00000,0x00000000fd580000)
 ParOldGen       total 699392K, used 17269K [0x00000000c0000000, 0x00000000eab00000, 0x00000000eab00000)
  object space 699392K, 2% used [0x00000000c0000000,0x00000000c10dd580,0x00000000eab00000)
 Metaspace       used 58355K, capacity 58708K, committed 59160K, reserved 1099776K
  class space    used 9456K, capacity 9572K, committed 9600K, reserved 1048576K
Event: 7.944 GC heap after
Heap after GC invocations=5 (full 2):
 PSYoungGen      total 305664K, used 26730K [0x00000000eab00000, 0x0000000100000000, 0x0000000100000000)
  eden space 262144K, 0% used [0x00000000eab00000,0x00000000eab00000,0x00000000fab00000)
  from space 43520K, 61% used [0x00000000fab00000,0x00000000fc51ab38,0x00000000fd580000)
  to   space 43520K, 0% used [0x00000000fd580000,0x00000000fd580000,0x0000000100000000)
 ParOldGen       total 699392K, used 17269K [0x00000000c0000000, 0x00000000eab00000, 0x00000000eab00000)
  object space 699392K, 2% used [0x00000000c0000000,0x00000000c10dd580,0x00000000eab00000)
 Metaspace       used 58355K, capacity 58708K, committed 59160K, reserved 1099776K
  class space    used 9456K, capacity 9572K, committed 9600K, reserved 1048576K
}
Event: 7.944 GC heap before
{Heap before GC invocations=6 (full 3):
 PSYoungGen      total 305664K, used 26730K [0x00000000eab00000, 0x0000000100000000, 0x0000000100000000)
  eden space 262144K, 0% used [0x00000000eab00000,0x00000000eab00000,0x00000000fab00000)
  from space 43520K, 61% used [0x00000000fab00000,0x00000000fc51ab38,0x00000000fd580000)
  to   space 43520K, 0% used [0x00000000fd580000,0x00000000fd580000,0x0000000100000000)
 ParOldGen       total 699392K, used 17269K [0x00000000c0000000, 0x00000000eab00000, 0x00000000eab00000)
  object space 699392K, 2% used [0x00000000c0000000,0x00000000c10dd580,0x00000000eab00000)
 Metaspace       used 58355K, capacity 58708K, committed 59160K, reserved 1099776K
  class space    used 9456K, capacity 9572K, committed 9600K, reserved 1048576K
Event: 8.121 GC heap after
Heap after GC invocations=6 (full 3):
 PSYoungGen      total 305664K, used 0K [0x00000000eab00000, 0x0000000100000000, 0x0000000100000000)
  eden space 262144K, 0% used [0x00000000eab00000,0x00000000eab00000,0x00000000fab00000)
  from space 43520K, 0% used [0x00000000fab00000,0x00000000fab00000,0x00000000fd580000)
  to   space 43520K, 0% used [0x00000000fd580000,0x00000000fd580000,0x0000000100000000)
 ParOldGen       total 699392K, used 31798K [0x00000000c0000000, 0x00000000eab00000, 0x00000000eab00000)
  object space 699392K, 4% used [0x00000000c0000000,0x00000000c1f0d998,0x00000000eab00000)
 Metaspace       used 58340K, capacity 58684K, committed 59160K, reserved 1099776K
  class space    used 9454K, capacity 9568K, committed 9600K, reserved 1048576K
}
Event: 7070.306 GC heap before
{Heap before GC invocations=7 (full 3):
 PSYoungGen      total 305664K, used 262144K [0x00000000eab00000, 0x0000000100000000, 0x0000000100000000)
  eden space 262144K, 100% used [0x00000000eab00000,0x00000000fab00000,0x00000000fab00000)
  from space 43520K, 0% used [0x00000000fab00000,0x00000000fab00000,0x00000000fd580000)
  to   space 43520K, 0% used [0x00000000fd580000,0x00000000fd580000,0x0000000100000000)
 ParOldGen       total 699392K, used 31798K [0x00000000c0000000, 0x00000000eab00000, 0x00000000eab00000)
  object space 699392K, 4% used [0x00000000c0000000,0x00000000c1f0d998,0x00000000eab00000)
 Metaspace       used 73198K, capacity 73554K, committed 74240K, reserved 1112064K
  class space    used 11839K, capacity 11977K, committed 12032K, reserved 1048576K
Event: 7070.331 GC heap after
Heap after GC invocations=7 (full 3):
 PSYoungGen      total 305664K, used 15841K [0x00000000eab00000, 0x0000000100000000, 0x0000000100000000)
  eden space 262144K, 0% used [0x00000000eab00000,0x00000000eab00000,0x00000000fab00000)
  from space 43520K, 36% used [0x00000000fd580000,0x00000000fe4f87f0,0x0000000100000000)
  to   space 43520K, 0% used [0x00000000fab00000,0x00000000fab00000,0x00000000fd580000)
 ParOldGen       total 699392K, used 31806K [0x00000000c0000000, 0x00000000eab00000, 0x00000000eab00000)
  object space 699392K, 4% used [0x00000000c0000000,0x00000000c1f0f998,0x00000000eab00000)
 Metaspace       used 73198K, capacity 73554K, committed 74240K, reserved 1112064K
  class space    used 11839K, capacity 11977K, committed 12032K, reserved 1048576K
}

